This is LuaHBTeX, Version 1.12.0 (MiKTeX 20.12) (format=lualatex 2021.8.1)  6 MAR 2022 23:24
 restricted system commands enabled.
**ReCeiVe_cv_[2021].tex
(./ReCeiVe_cv_[2021].tex
LaTeX2e <2020-10-01> patch level 4
Lua module: luaotfload 2020-12-31 3.16 Lua based OpenType font support
Lua module: lualibs 2020-12-30 2.73 ConTeXt Lua standard libraries.
Lua module: lualibs-extended 2020-12-30 2.73 ConTeXt Lua libraries -- extended c
ollection.
luaotfload | conf : Root cache directory is "C:/Users/mchvz/AppData/Local/MiKTeX
/luatex-cache/generic/names".
luaotfload | init : Loading fontloader "fontloader-2020-12-30.lua" from kpse-res
olved path "C:/Program Files/MiKTeX/tex/luatex/luaotfload/fontloader-2020-12-30.
lua".
Lua-only attribute luaotfload@noligature = 1
Lua-only attribute luaotfload@syllabe = 2
luaotfload | init : Context OpenType loader version 0x1.8e5604189374cp+1
Inserting `luaotfload.node_processor' at position 1 in `pre_linebreak_filter'.
Inserting `luaotfload.node_processor' at position 1 in `hpack_filter'.
Inserting `luaotfload.glyph_stream' at position 1 in `glyph_stream_provider'.
Inserting `luaotfload.define_font' at position 1 in `define_font'.
Lua-only attribute luaotfload_color_attribute = 3
luaotfload | conf : Root cache directory is "C:/Users/mchvz/AppData/Local/MiKTeX
/luatex-cache/generic/names".
Inserting `luaotfload.harf.strip_prefix' at position 1 in `find_opentype_file'.
Inserting `luaotfload.harf.strip_prefix' at position 1 in `find_truetype_file'.
Inserting `luaotfload.harf.finalize_vlist' at position 1 in `post_linebreak_filt
er'.
Inserting `luaotfload.harf.finalize_hlist' at position 2 in `hpack_filter'.
Inserting `luaotfload.cleanup_files' at position 1 in `wrapup_run'.
Inserting `luaotfload.harf.finalize_unicode' at position 1 in `finish_pdffile'.
Inserting `luaotfload.glyphinfo' at position 1 in `glyph_info'.
Inserting `luaotfload.aux.set_sscale_dimens' at position 1 in `luaotfload.patch_
font'.
Inserting `luaotfload.aux.set_font_index' at position 2 in `luaotfload.patch_fon
t'.
Inserting `luaotfload.aux.patch_cambria_domh' at position 3 in `luaotfload.patch
_font'.
Inserting `luaotfload.aux.fixup_fontdata' at position 1 in `luaotfload.patch_fon
t_unsafe'.
Inserting `luaotfload.aux.set_capheight' at position 4 in `luaotfload.patch_font
'.
Inserting `luaotfload.aux.set_xheight' at position 5 in `luaotfload.patch_font'.
Inserting `luaotfload.rewrite_fontname' at position 6 in `luaotfload.patch_font'
. L3 programming layer <2021-01-09> xparse <2020-03-03> (./ReCeiVe.cls
Document Class: ReCeiVe 2020/10/10 v1.1 ReCeiVe Curriculum Vitae Class
("C:/Program Files/MiKTeX/tex/latex/base/article.cls"
Document Class: article 2020/04/10 v1.4m Standard LaTeX document class
("C:/Program Files/MiKTeX/tex/latex/base/size10.clo"
File: size10.clo 2020/04/10 v1.4m Standard LaTeX file (size option)
luaotfload | db : Font names database loaded from C:/Users/mchvz/AppData/Local/M
iKTeX/luatex-cache/generic/names/luaotfload-names.luc)
\c@part=\count173
\c@section=\count174
\c@subsection=\count175
\c@subsubsection=\count176
\c@paragraph=\count177
\c@subparagraph=\count178
\c@figure=\count179
\c@table=\count180
\abovecaptionskip=\skip47
\belowcaptionskip=\skip48
\bibindent=\dimen138
)
("C:/Program Files/MiKTeX/tex/latex/geometry/geometry.sty"
Package: geometry 2020/01/02 v5.9 Page Geometry

("C:/Program Files/MiKTeX/tex/latex/graphics/keyval.sty"
Package: keyval 2014/10/28 v1.15 key=value parser (DPC)
\KV@toks@=\toks15
)
("C:/Program Files/MiKTeX/tex/generic/iftex/ifvtex.sty"
Package: ifvtex 2019/10/25 v1.7 ifvtex legacy package. Use iftex instead.

("C:/Program Files/MiKTeX/tex/generic/iftex/iftex.sty"
Package: iftex 2020/03/06 v1.0d TeX engine tests
))
\Gm@cnth=\count181
\Gm@cntv=\count182
\c@Gm@tempcnt=\count183
\Gm@bindingoffset=\dimen139
\Gm@wd@mp=\dimen140
\Gm@odd@mp=\dimen141
\Gm@even@mp=\dimen142
\Gm@layoutwidth=\dimen143
\Gm@layoutheight=\dimen144
\Gm@layouthoffset=\dimen145
\Gm@layoutvoffset=\dimen146
\Gm@dimlist=\toks16

("C:/Program Files/MiKTeX/tex/latex/geometry/geometry.cfg"))
("C:/Program Files/MiKTeX/tex/latex/titlesec/titlesec.sty"
Package: titlesec 2019/10/16 v2.13 Sectioning titles
\ttl@box=\box47
\beforetitleunit=\skip49
\aftertitleunit=\skip50
\ttl@plus=\dimen147
\ttl@minus=\dimen148
\ttl@toksa=\toks17
\titlewidth=\dimen149
\titlewidthlast=\dimen150
\titlewidthfirst=\dimen151
)
("C:/Program Files/MiKTeX/tex/latex/fancyhdr/fancyhdr.sty"
Package: fancyhdr 2021/01/28 v4.0.1 Extensive control of page headers and footer
s
\f@nch@headwidth=\skip51
\f@nch@O@elh=\skip52
\f@nch@O@erh=\skip53
\f@nch@O@olh=\skip54
\f@nch@O@orh=\skip55
\f@nch@O@elf=\skip56
\f@nch@O@erf=\skip57
\f@nch@O@olf=\skip58
\f@nch@O@orf=\skip59
)
("C:/Program Files/MiKTeX/tex/latex/ragged2e/ragged2e.sty"
Package: ragged2e 2019/07/28 v2.2 ragged2e Package (MS)

("C:/Program Files/MiKTeX/tex/latex/ms/everysel.sty"
Package: everysel 2011/10/28 v1.2 EverySelectfont Package (MS)
)
\CenteringLeftskip=\skip60
\RaggedLeftLeftskip=\skip61
\RaggedRightLeftskip=\skip62
\CenteringRightskip=\skip63
\RaggedLeftRightskip=\skip64
\RaggedRightRightskip=\skip65
\CenteringParfillskip=\skip66
\RaggedLeftParfillskip=\skip67
\RaggedRightParfillskip=\skip68
\JustifyingParfillskip=\skip69
\CenteringParindent=\skip70
\RaggedLeftParindent=\skip71
\RaggedRightParindent=\skip72
\JustifyingParindent=\skip73
)
("C:/Program Files/MiKTeX/tex/latex/etoolbox/etoolbox.sty"
Package: etoolbox 2020/10/05 v2.5k e-TeX tools for LaTeX (JAW)
\etb@tempcnta=\count184
)
("C:/Program Files/MiKTeX/tex/latex/setspace/setspace.sty"
Package: setspace 2011/12/19 v6.7a set line spacing
)
("C:/Program Files/MiKTeX/tex/latex/xcolor/xcolor.sty"
Package: xcolor 2016/05/11 v2.12 LaTeX color extensions (UK)

("C:/Program Files/MiKTeX/tex/latex/graphics-cfg/color.cfg"
File: color.cfg 2016/01/02 v1.6 sample color configuration
)
Package xcolor Info: Driver file: luatex.def on input line 225.

("C:/Program Files/MiKTeX/tex/latex/graphics-def/luatex.def"
File: luatex.def 2020/10/05 v1.2a Graphics/color driver for luatex
)
Package xcolor Info: Model `cmy' substituted by `cmy0' on input line 1348.
Package xcolor Info: Model `hsb' substituted by `rgb' on input line 1352.
Package xcolor Info: Model `RGB' extended on input line 1364.
Package xcolor Info: Model `HTML' substituted by `rgb' on input line 1366.
Package xcolor Info: Model `Hsb' substituted by `hsb' on input line 1367.
Package xcolor Info: Model `tHsb' substituted by `hsb' on input line 1368.
Package xcolor Info: Model `HSB' substituted by `hsb' on input line 1369.
Package xcolor Info: Model `Gray' substituted by `gray' on input line 1370.
Package xcolor Info: Model `wave' substituted by `hsb' on input line 1371.
)
("C:/Program Files/MiKTeX/tex/latex/graphics/graphicx.sty"
Package: graphicx 2020/09/09 v1.2b Enhanced LaTeX Graphics (DPC,SPQR)

("C:/Program Files/MiKTeX/tex/latex/graphics/graphics.sty"
Package: graphics 2020/08/30 v1.4c Standard LaTeX Graphics (DPC,SPQR)

("C:/Program Files/MiKTeX/tex/latex/graphics/trig.sty"
Package: trig 2016/01/03 v1.10 sin cos tan (DPC)
)
("C:/Program Files/MiKTeX/tex/latex/graphics-cfg/graphics.cfg"
File: graphics.cfg 2016/06/04 v1.11 sample graphics configuration
)
Package graphics Info: Driver file: luatex.def on input line 105.
)
\Gin@req@height=\dimen152
\Gin@req@width=\dimen153
)
("C:/Program Files/MiKTeX/tex/latex/pgf/frontendlayer/tikz.sty"
("C:/Program Files/MiKTeX/tex/latex/pgf/basiclayer/pgf.sty"
("C:/Program Files/MiKTeX/tex/latex/pgf/utilities/pgfrcs.sty"
("C:/Program Files/MiKTeX/tex/generic/pgf/utilities/pgfutil-common.tex"
\pgfutil@everybye=\toks18
\pgfutil@tempdima=\dimen154
\pgfutil@tempdimb=\dimen155

("C:/Program Files/MiKTeX/tex/generic/pgf/utilities/pgfutil-common-lists.tex")) ("C:/Program Files/MiKTeX/tex/generic/pgf/utilities/pgfutil-latex.def"
\pgfutil@abb=\box48
)
("C:/Program Files/MiKTeX/tex/generic/pgf/utilities/pgfrcs.code.tex"
("C:/Program Files/MiKTeX/tex/generic/pgf/pgf.revision.tex")
Package: pgfrcs 2020/12/27 v3.1.8b (3.1.8b)
))
Package: pgf 2020/12/27 v3.1.8b (3.1.8b)

("C:/Program Files/MiKTeX/tex/latex/pgf/basiclayer/pgfcore.sty"
("C:/Program Files/MiKTeX/tex/latex/pgf/systemlayer/pgfsys.sty"
("C:/Program Files/MiKTeX/tex/generic/pgf/systemlayer/pgfsys.code.tex"
Package: pgfsys 2020/12/27 v3.1.8b (3.1.8b)

("C:/Program Files/MiKTeX/tex/generic/pgf/utilities/pgfkeys.code.tex"
\pgfkeys@pathtoks=\toks19
\pgfkeys@temptoks=\toks20

("C:/Program Files/MiKTeX/tex/generic/pgf/utilities/pgfkeysfiltered.code.tex"
\pgfkeys@tmptoks=\toks21
))
\pgf@x=\dimen156
\pgf@y=\dimen157
\pgf@xa=\dimen158
\pgf@ya=\dimen159
\pgf@xb=\dimen160
\pgf@yb=\dimen161
\pgf@xc=\dimen162
\pgf@yc=\dimen163
\pgf@xd=\dimen164
\pgf@yd=\dimen165
\w@pgf@writea=\write3
\r@pgf@reada=\read2
\c@pgf@counta=\count185
\c@pgf@countb=\count186
\c@pgf@countc=\count187
\c@pgf@countd=\count188
\t@pgf@toka=\toks22
\t@pgf@tokb=\toks23
\t@pgf@tokc=\toks24
\pgf@sys@id@count=\count189
("C:/Program Files/MiKTeX/tex/generic/pgf/systemlayer/pgf.cfg"
File: pgf.cfg 2020/12/27 v3.1.8b (3.1.8b)
)
Driver file for pgf: pgfsys-luatex.def

("C:/Program Files/MiKTeX/tex/generic/pgf/systemlayer/pgfsys-luatex.def"
File: pgfsys-luatex.def 2020/12/27 v3.1.8b (3.1.8b)

("C:/Program Files/MiKTeX/tex/generic/pgf/systemlayer/pgfsys-common-pdf.def"
File: pgfsys-common-pdf.def 2020/12/27 v3.1.8b (3.1.8b)
))) ("C:/Program Files/MiKTeX/tex/generic/pgf/systemlayer/pgfsyssoftpath.code.t
ex"
File: pgfsyssoftpath.code.tex 2020/12/27 v3.1.8b (3.1.8b)
\pgfsyssoftpath@smallbuffer@items=\count190
\pgfsyssoftpath@bigbuffer@items=\count191
) ("C:/Program Files/MiKTeX/tex/generic/pgf/systemlayer/pgfsysprotocol.code.tex
"
File: pgfsysprotocol.code.tex 2020/12/27 v3.1.8b (3.1.8b)
)) ("C:/Program Files/MiKTeX/tex/generic/pgf/basiclayer/pgfcore.code.tex"
Package: pgfcore 2020/12/27 v3.1.8b (3.1.8b)

("C:/Program Files/MiKTeX/tex/generic/pgf/math/pgfmath.code.tex"
("C:/Program Files/MiKTeX/tex/generic/pgf/math/pgfmathcalc.code.tex"
("C:/Program Files/MiKTeX/tex/generic/pgf/math/pgfmathutil.code.tex")
("C:/Program Files/MiKTeX/tex/generic/pgf/math/pgfmathparser.code.tex"
\pgfmath@dimen=\dimen166
\pgfmath@count=\count192
\pgfmath@box=\box49
\pgfmath@toks=\toks25
\pgfmath@stack@operand=\toks26
\pgfmath@stack@operation=\toks27
)
("C:/Program Files/MiKTeX/tex/generic/pgf/math/pgfmathfunctions.code.tex"
("C:/Program Files/MiKTeX/tex/generic/pgf/math/pgfmathfunctions.basic.code.tex"
)
("C:/Program Files/MiKTeX/tex/generic/pgf/math/pgfmathfunctions.trigonometric.c
ode.tex")
("C:/Program Files/MiKTeX/tex/generic/pgf/math/pgfmathfunctions.random.code.tex
")
("C:/Program Files/MiKTeX/tex/generic/pgf/math/pgfmathfunctions.comparison.code
.tex")
("C:/Program Files/MiKTeX/tex/generic/pgf/math/pgfmathfunctions.base.code.tex") ("C:/Program Files/MiKTeX/tex/generic/pgf/math/pgfmathfunctions.round.code.tex") ("C:/Program Files/MiKTeX/tex/generic/pgf/math/pgfmathfunctions.misc.code.tex")
("C:/Program Files/MiKTeX/tex/generic/pgf/math/pgfmathfunctions.integerarithmet
ics.code.tex")))
("C:/Program Files/MiKTeX/tex/generic/pgf/math/pgfmathfloat.code.tex"
\c@pgfmathroundto@lastzeros=\count193
))
("C:/Program Files/MiKTeX/tex/generic/pgf/math/pgfint.code.tex")
("C:/Program Files/MiKTeX/tex/generic/pgf/basiclayer/pgfcorepoints.code.tex"
File: pgfcorepoints.code.tex 2020/12/27 v3.1.8b (3.1.8b)
\pgf@picminx=\dimen167
\pgf@picmaxx=\dimen168
\pgf@picminy=\dimen169
\pgf@picmaxy=\dimen170
\pgf@pathminx=\dimen171
\pgf@pathmaxx=\dimen172
\pgf@pathminy=\dimen173
\pgf@pathmaxy=\dimen174
\pgf@xx=\dimen175
\pgf@xy=\dimen176
\pgf@yx=\dimen177
\pgf@yy=\dimen178
\pgf@zx=\dimen179
\pgf@zy=\dimen180
)
("C:/Program Files/MiKTeX/tex/generic/pgf/basiclayer/pgfcorepathconstruct.code.
tex"
File: pgfcorepathconstruct.code.tex 2020/12/27 v3.1.8b (3.1.8b)
\pgf@path@lastx=\dimen181
\pgf@path@lasty=\dimen182
)
("C:/Program Files/MiKTeX/tex/generic/pgf/basiclayer/pgfcorepathusage.code.tex"
File: pgfcorepathusage.code.tex 2020/12/27 v3.1.8b (3.1.8b)
\pgf@shorten@end@additional=\dimen183
\pgf@shorten@start@additional=\dimen184
) ("C:/Program Files/MiKTeX/tex/generic/pgf/basiclayer/pgfcorescopes.code.tex"
File: pgfcorescopes.code.tex 2020/12/27 v3.1.8b (3.1.8b)
\pgfpic=\box50
\pgf@hbox=\box51
\pgf@layerbox@main=\box52
\pgf@picture@serial@count=\count194
)
("C:/Program Files/MiKTeX/tex/generic/pgf/basiclayer/pgfcoregraphicstate.code.t
ex"
File: pgfcoregraphicstate.code.tex 2020/12/27 v3.1.8b (3.1.8b)
\pgflinewidth=\dimen185
)
("C:/Program Files/MiKTeX/tex/generic/pgf/basiclayer/pgfcoretransformations.cod
e.tex"
File: pgfcoretransformations.code.tex 2020/12/27 v3.1.8b (3.1.8b)
\pgf@pt@x=\dimen186
\pgf@pt@y=\dimen187
\pgf@pt@temp=\dimen188
)
("C:/Program Files/MiKTeX/tex/generic/pgf/basiclayer/pgfcorequick.code.tex"
File: pgfcorequick.code.tex 2020/12/27 v3.1.8b (3.1.8b)
)
("C:/Program Files/MiKTeX/tex/generic/pgf/basiclayer/pgfcoreobjects.code.tex"
File: pgfcoreobjects.code.tex 2020/12/27 v3.1.8b (3.1.8b)
)
("C:/Program Files/MiKTeX/tex/generic/pgf/basiclayer/pgfcorepathprocessing.code
.tex"
File: pgfcorepathprocessing.code.tex 2020/12/27 v3.1.8b (3.1.8b)
)
("C:/Program Files/MiKTeX/tex/generic/pgf/basiclayer/pgfcorearrows.code.tex"
File: pgfcorearrows.code.tex 2020/12/27 v3.1.8b (3.1.8b)
\pgfarrowsep=\dimen189
)
("C:/Program Files/MiKTeX/tex/generic/pgf/basiclayer/pgfcoreshade.code.tex"
File: pgfcoreshade.code.tex 2020/12/27 v3.1.8b (3.1.8b)
\pgf@max=\dimen190
\pgf@sys@shading@range@num=\count195
\pgf@shadingcount=\count196
)
("C:/Program Files/MiKTeX/tex/generic/pgf/basiclayer/pgfcoreimage.code.tex"
File: pgfcoreimage.code.tex 2020/12/27 v3.1.8b (3.1.8b)

("C:/Program Files/MiKTeX/tex/generic/pgf/basiclayer/pgfcoreexternal.code.tex"
File: pgfcoreexternal.code.tex 2020/12/27 v3.1.8b (3.1.8b)
\pgfexternal@startupbox=\box53
)) ("C:/Program Files/MiKTeX/tex/generic/pgf/basiclayer/pgfcorelayers.code.tex"
File: pgfcorelayers.code.tex 2020/12/27 v3.1.8b (3.1.8b)
)
("C:/Program Files/MiKTeX/tex/generic/pgf/basiclayer/pgfcoretransparency.code.t
ex"
File: pgfcoretransparency.code.tex 2020/12/27 v3.1.8b (3.1.8b)
)
("C:/Program Files/MiKTeX/tex/generic/pgf/basiclayer/pgfcorepatterns.code.tex"
File: pgfcorepatterns.code.tex 2020/12/27 v3.1.8b (3.1.8b)
) ("C:/Program Files/MiKTeX/tex/generic/pgf/basiclayer/pgfcorerdf.code.tex"
File: pgfcorerdf.code.tex 2020/12/27 v3.1.8b (3.1.8b)
)))
("C:/Program Files/MiKTeX/tex/generic/pgf/modules/pgfmoduleshapes.code.tex"
File: pgfmoduleshapes.code.tex 2020/12/27 v3.1.8b (3.1.8b)
\pgfnodeparttextbox=\box54
)
("C:/Program Files/MiKTeX/tex/generic/pgf/modules/pgfmoduleplot.code.tex"
File: pgfmoduleplot.code.tex 2020/12/27 v3.1.8b (3.1.8b)
)
("C:/Program Files/MiKTeX/tex/latex/pgf/compatibility/pgfcomp-version-0-65.sty"
Package: pgfcomp-version-0-65 2020/12/27 v3.1.8b (3.1.8b)
\pgf@nodesepstart=\dimen191
\pgf@nodesepend=\dimen192
) ("C:/Program Files/MiKTeX/tex/latex/pgf/compatibility/pgfcomp-version-1-18.st
y"
Package: pgfcomp-version-1-18 2020/12/27 v3.1.8b (3.1.8b)
)) ("C:/Program Files/MiKTeX/tex/latex/pgf/utilities/pgffor.sty"
("C:/Program Files/MiKTeX/tex/latex/pgf/utilities/pgfkeys.sty"
("C:/Program Files/MiKTeX/tex/generic/pgf/utilities/pgfkeys.code.tex"))
("C:/Program Files/MiKTeX/tex/latex/pgf/math/pgfmath.sty"
("C:/Program Files/MiKTeX/tex/generic/pgf/math/pgfmath.code.tex"))
("C:/Program Files/MiKTeX/tex/generic/pgf/utilities/pgffor.code.tex"
Package: pgffor 2020/12/27 v3.1.8b (3.1.8b)

("C:/Program Files/MiKTeX/tex/generic/pgf/math/pgfmath.code.tex")
\pgffor@iter=\dimen193
\pgffor@skip=\dimen194
\pgffor@stack=\toks28
\pgffor@toks=\toks29
))
("C:/Program Files/MiKTeX/tex/generic/pgf/frontendlayer/tikz/tikz.code.tex"
Package: tikz 2020/12/27 v3.1.8b (3.1.8b)

("C:/Program Files/MiKTeX/tex/generic/pgf/libraries/pgflibraryplothandlers.code
.tex"
File: pgflibraryplothandlers.code.tex 2020/12/27 v3.1.8b (3.1.8b)
\pgf@plot@mark@count=\count197
\pgfplotmarksize=\dimen195
)
\tikz@lastx=\dimen196
\tikz@lasty=\dimen197
\tikz@lastxsaved=\dimen198
\tikz@lastysaved=\dimen199
\tikz@lastmovetox=\dimen256
\tikz@lastmovetoy=\dimen257
\tikzleveldistance=\dimen258
\tikzsiblingdistance=\dimen259
\tikz@figbox=\box55
\tikz@figbox@bg=\box56
\tikz@tempbox=\box57
\tikz@tempbox@bg=\box58
\tikztreelevel=\count198
\tikznumberofchildren=\count199
\tikznumberofcurrentchild=\count266
\tikz@fig@count=\count267

("C:/Program Files/MiKTeX/tex/generic/pgf/modules/pgfmodulematrix.code.tex"
File: pgfmodulematrix.code.tex 2020/12/27 v3.1.8b (3.1.8b)
\pgfmatrixcurrentrow=\count268
\pgfmatrixcurrentcolumn=\count269
\pgf@matrix@numberofcolumns=\count270
)
\tikz@expandcount=\count271

("C:/Program Files/MiKTeX/tex/generic/pgf/frontendlayer/tikz/libraries/tikzlibr
arytopaths.code.tex"
File: tikzlibrarytopaths.code.tex 2020/12/27 v3.1.8b (3.1.8b)
)))
("C:/Program Files/MiKTeX/tex/latex/datetime/datetime.sty"
Package: datetime 2015/03/20 v2.60 Date Time Package

("C:/Program Files/MiKTeX/tex/latex/fmtcount/fmtcount.sty"
Package: fmtcount 2020/01/30 v3.07

("C:/Program Files/MiKTeX/tex/latex/base/ifthen.sty"
Package: ifthen 2014/09/29 v1.1c Standard LaTeX ifthen package (DPC)
)
("C:/Program Files/MiKTeX/tex/latex/xkeyval/xkeyval.sty"
Package: xkeyval 2020/11/20 v2.8 package option processing (HA)

("C:/Program Files/MiKTeX/tex/generic/xkeyval/xkeyval.tex"
("C:/Program Files/MiKTeX/tex/generic/xkeyval/xkvutils.tex"
\XKV@toks=\toks30
\XKV@tempa@toks=\toks31
)
\XKV@depth=\count272
File: xkeyval.tex 2014/12/03 v2.7a key=value parser (HA)
))
("C:/Program Files/MiKTeX/tex/latex/fmtcount/fcprefix.sty"
Package: fcprefix 2012/09/28

("C:/Program Files/MiKTeX/tex/latex/fmtcount/fcnumparser.sty"
Package: fcnumparser 2017/06/15
\fc@digit@counter=\count273
))
("C:/Program Files/MiKTeX/tex/latex/amsmath/amsgen.sty"
File: amsgen.sty 1999/11/30 v2.0 generic functions
\@emptytoks=\toks32
\ex@=\dimen260
)
\c@padzeroesN=\count274
\fc@tmpcatcode=\count275
\@DT@modctr=\count276
\@ordinalctr=\count277
\@orgargctr=\count278
\@strctr=\count279
\@tmpstrctr=\count280
\@DT@loopN=\count281
\@DT@X=\count282
)
("C:/Program Files/MiKTeX/tex/latex/datetime/datetime-defaults.sty"
Package: datetime-defaults 2013/09/10
)
\@day=\count283
\@month=\count284
\@year=\count285
\c@HOUR=\count286
\c@HOURXII=\count287
\c@MINUTE=\count288
\c@TOHOUR=\count289
\c@TOMINUTE=\count290
\c@SECOND=\count291
\currenthour=\count292
\currentminute=\count293
\currentsecond=\count294
Package datetime Info: No datetime.cfg file found, using default settings on inp
ut line 308.
\@dtctr=\count295
\dayofyear=\count296
\dayofweek=\count297
LaTeX Info: Redefining \today on input line 736.
\dt@a=\toks33
\dt@b=\toks34
)
("C:/Program Files/MiKTeX/tex/latex/enumitem/enumitem.sty"
Package: enumitem 2019/06/20 v3.9 Customized lists
\labelindent=\skip74
\enit@outerparindent=\dimen261
\enit@toks=\toks35
\enit@inbox=\box59
\enit@count@id=\count298
\enitdp@description=\count299
)
("C:/Program Files/MiKTeX/tex/latex/latex-tools/array.sty"
Package: array 2020/10/01 v2.5c Tabular extension package (FMi)
\col@sep=\dimen262
\ar@mcellbox=\box60
\extrarowheight=\dimen263
\NC@list=\toks36
\extratabsurround=\skip75
\backup@length=\skip76
\ar@cellbox=\box61
)
("C:/Program Files/MiKTeX/tex/latex/hyperref/hyperref.sty"
Package: hyperref 2020-05-15 v7.00e Hypertext links for LaTeX

("C:/Program Files/MiKTeX/tex/generic/ltxcmds/ltxcmds.sty"
Package: ltxcmds 2020-05-10 v1.25 LaTeX kernel commands for general use (HO)
)
("C:/Program Files/MiKTeX/tex/generic/pdftexcmds/pdftexcmds.sty"
Package: pdftexcmds 2020-06-27 v0.33 Utility functions of pdfTeX for LuaTeX (HO)


("C:/Program Files/MiKTeX/tex/generic/infwarerr/infwarerr.sty"
Package: infwarerr 2019/12/03 v1.5 Providing info/warning/error messages (HO)
)
Package pdftexcmds Info: \pdf@primitive is available.
Package pdftexcmds Info: \pdf@ifprimitive is available.
Package pdftexcmds Info: \pdfdraftmode found.
\pdftexcmds@toks=\toks37
)
("C:/Program Files/MiKTeX/tex/generic/kvsetkeys/kvsetkeys.sty"
Package: kvsetkeys 2019/12/15 v1.18 Key value parser (HO)
)
("C:/Program Files/MiKTeX/tex/generic/kvdefinekeys/kvdefinekeys.sty"
Package: kvdefinekeys 2019-12-19 v1.6 Define keys (HO)
)
("C:/Program Files/MiKTeX/tex/generic/pdfescape/pdfescape.sty"
Package: pdfescape 2019/12/09 v1.15 Implements pdfTeX's escape features (HO)
)
("C:/Program Files/MiKTeX/tex/latex/hycolor/hycolor.sty"
Package: hycolor 2020-01-27 v1.10 Color options for hyperref/bookmark (HO)
)
("C:/Program Files/MiKTeX/tex/latex/letltxmacro/letltxmacro.sty"
Package: letltxmacro 2019/12/03 v1.6 Let assignment for LaTeX macros (HO)
)
("C:/Program Files/MiKTeX/tex/latex/auxhook/auxhook.sty"
Package: auxhook 2019-12-17 v1.6 Hooks for auxiliary files (HO)
)
("C:/Program Files/MiKTeX/tex/latex/kvoptions/kvoptions.sty"
Package: kvoptions 2020-10-07 v3.14 Key value format for package options (HO)
)
\@linkdim=\dimen264
\Hy@linkcounter=\count300
\Hy@pagecounter=\count301

("C:/Program Files/MiKTeX/tex/latex/hyperref/pd1enc.def"
File: pd1enc.def 2020-05-15 v7.00e Hyperref: PDFDocEncoding definition (HO)
)
("C:/Program Files/MiKTeX/tex/generic/intcalc/intcalc.sty"
Package: intcalc 2019/12/15 v1.3 Expandable calculations with integers (HO)
)
("C:/Program Files/MiKTeX/tex/generic/etexcmds/etexcmds.sty"
Package: etexcmds 2019/12/15 v1.7 Avoid name clashes with e-TeX commands (HO)
)
\Hy@SavedSpaceFactor=\count302
Package hyperref Info: Hyper figures OFF on input line 4464.
Package hyperref Info: Link nesting OFF on input line 4469.
Package hyperref Info: Hyper index ON on input line 4472.
Package hyperref Info: Plain pages OFF on input line 4479.
Package hyperref Info: Backreferencing OFF on input line 4484.
Package hyperref Info: Implicit mode ON; LaTeX internals redefined.
Package hyperref Info: Bookmarks ON on input line 4717.
\c@Hy@tempcnt=\count303

("C:/Program Files/MiKTeX/tex/latex/url/url.sty"
\Urlmuskip=\muskip16
Package: url 2013/09/16  ver 3.4  Verb mode for urls, etc.
)
LaTeX Info: Redefining \url on input line 5076.
\XeTeXLinkMargin=\dimen265

("C:/Program Files/MiKTeX/tex/generic/bitset/bitset.sty"
Package: bitset 2019/12/09 v1.3 Handle bit-vector datatype (HO)

("C:/Program Files/MiKTeX/tex/generic/bigintcalc/bigintcalc.sty"
Package: bigintcalc 2019/12/15 v1.5 Expandable calculations on big integers (HO)

))
\Fld@menulength=\count304
\Field@Width=\dimen266
\Fld@charsize=\dimen267
Package hyperref Info: Hyper figures OFF on input line 6347.
Package hyperref Info: Link nesting OFF on input line 6352.
Package hyperref Info: Hyper index ON on input line 6355.
Package hyperref Info: backreferencing OFF on input line 6362.
Package hyperref Info: Link coloring OFF on input line 6367.
Package hyperref Info: Link coloring with OCG OFF on input line 6372.
Package hyperref Info: PDF/A mode OFF on input line 6377.
LaTeX Info: Redefining \ref on input line 6417.
LaTeX Info: Redefining \pageref on input line 6421.

("C:/Program Files/MiKTeX/tex/latex/base/atbegshi-ltx.sty"
Package: atbegshi-ltx 2020/08/17 v1.0a Emulation of the original atbegshi packag
e
with kernel methods
)
\Hy@abspage=\count305
\c@Item=\count306
\c@Hfootnote=\count307
)
Package hyperref Info: Driver (autodetected): hluatex.

("C:/Program Files/MiKTeX/tex/latex/hyperref/hluatex.def"
File: hluatex.def 2020-05-15 v7.00e Hyperref driver for luaTeX

("C:/Program Files/MiKTeX/tex/latex/hyperref/puenc.def"
File: puenc.def 2020-05-15 v7.00e Hyperref: PDF Unicode definition (HO)
)
("C:/Program Files/MiKTeX/tex/generic/stringenc/stringenc.sty"
Package: stringenc 2019/11/29 v1.12 Convert strings between diff. encodings (HO)

)
("C:/Program Files/MiKTeX/tex/latex/base/atveryend-ltx.sty"
Package: atveryend-ltx 2020/08/19 v1.0a Emulation of the original atvery package

with kernel methods
)
\Fld@listcount=\count308
\c@bookmark@seq@number=\count309

("C:/Program Files/MiKTeX/tex/latex/rerunfilecheck/rerunfilecheck.sty"
Package: rerunfilecheck 2019/12/05 v1.9 Rerun checks for auxiliary files (HO)

("C:/Program Files/MiKTeX/tex/generic/uniquecounter/uniquecounter.sty"
Package: uniquecounter 2019/12/15 v1.4 Provide unlimited unique counter (HO)
)
Package uniquecounter Info: New unique counter `rerunfilecheck' on input line 28
6.
)
\Hy@SectionHShift=\skip77
)
("C:/Program Files/MiKTeX/tex/latex/latex-tools/calc.sty"
Package: calc 2017/05/25 v4.3 Infix arithmetic (KKT,FJ)
\calc@Acount=\count310
\calc@Bcount=\count311
\calc@Adimen=\dimen268
\calc@Bdimen=\dimen269
\calc@Askip=\skip78
\calc@Bskip=\skip79
LaTeX Info: Redefining \setlength on input line 80.
LaTeX Info: Redefining \addtolength on input line 81.
\calc@Ccount=\count312
\calc@Cskip=\skip80
)
\@topMarg=\skip81
\@leftMarg=\skip82
\@sidebarWidth=\skip83
\@headerWidth=\skip84
\acvSidebarSep=\skip85

("C:/Program Files/MiKTeX/tex/latex/fontawesome/fontawesome.sty"
Package: fontawesome 2016/05/15 v4.6.3.1 font awesome icons

("C:/Program Files/MiKTeX/tex/generic/iftex/ifxetex.sty"
Package: ifxetex 2019/10/25 v0.7 ifxetex legacy package. Use iftex instead.
)
("C:/Program Files/MiKTeX/tex/generic/iftex/ifluatex.sty"
Package: ifluatex 2019/10/25 v1.5 ifluatex legacy package. Use iftex instead.
)
("C:/Program Files/MiKTeX/tex/latex/fontawesome/fontawesomesymbols-generic.tex"
) ("C:/Program Files/MiKTeX/tex/latex/fontspec/fontspec.sty"
("C:/Program Files/MiKTeX/tex/latex/l3packages/xparse/xparse.sty"
("C:/Program Files/MiKTeX/tex/latex/l3kernel/expl3.sty"
Package: expl3 2021-01-09 L3 programming layer (loader) 

("C:/Program Files/MiKTeX/tex/latex/l3backend/l3backend-luatex.def"
File: l3backend-luatex.def 2021-01-09 L3 backend support: PDF output (LuaTeX)
\l__kernel_color_stack_int=\count313
\l__pdf_internal_box=\box62
))
Package: xparse 2020-10-27 L3 Experimental document command parser

("C:/Program Files/MiKTeX/tex/latex/l3packages/xparse/xparse-generic.tex"))
Package: fontspec 2020/02/21 v2.7i Font selection for XeLaTeX and LuaLaTeX
Lua module: fontspec 2020/02/21 2.7i Font selection for XeLaTeX and LuaLaTeX
("C:/Program Files/MiKTeX/tex/latex/fontspec/fontspec-luatex.sty"
Package: fontspec-luatex 2020/02/21 v2.7i Font selection for XeLaTeX and LuaLaTe
X
\l__fontspec_script_int=\count314
\l__fontspec_language_int=\count315
\l__fontspec_strnum_int=\count316
\l__fontspec_tmp_int=\count317
\l__fontspec_tmpa_int=\count318
\l__fontspec_tmpb_int=\count319
\l__fontspec_tmpc_int=\count320
\l__fontspec_em_int=\count321
\l__fontspec_emdef_int=\count322
\l__fontspec_strong_int=\count323
\l__fontspec_strongdef_int=\count324
\l__fontspec_tmpa_dim=\dimen270
\l__fontspec_tmpb_dim=\dimen271
\l__fontspec_tmpc_dim=\dimen272

("C:/Program Files/MiKTeX/tex/latex/base/fontenc.sty"
Package: fontenc 2020/08/10 v2.0s Standard LaTeX package
)
("C:/Program Files/MiKTeX/tex/latex/fontspec/fontspec.cfg")))
luaotfload | cache : Lookup cache loaded from C:/Users/mchvz/AppData/Local/MiKTe
X/luatex-cache/generic/names/luaotfload-lookup-cache.luc.
luaotfload | aux : font no 26 (nil) defines no feature for script latn
luaotfload | aux : font no 26 (nil) defines no feature for script dflt

Package fontspec Info: Could not resolve font "FontAwesome/BI" (it probably
(fontspec)             doesn't exist).


Package fontspec Info: Could not resolve font "FontAwesome/B" (it probably
(fontspec)             doesn't exist).


Package fontspec Info: Could not resolve font "FontAwesome/I" (it probably
(fontspec)             doesn't exist).


Package fontspec Info: Font family 'FontAwesome(0)' created for font
(fontspec)             'FontAwesome' with options [].
(fontspec)              
(fontspec)              This font family consists of the following NFSS
(fontspec)             series/shapes:
(fontspec)              
(fontspec)             - 'normal' (m/n) with NFSS spec.:
(fontspec)             <->"FontAwesome:mode=node;language=dflt;"
(fontspec)             - 'small caps'  (m/sc) with NFSS spec.: 


("C:/Program Files/MiKTeX/tex/latex/fontawesome/fontawesomesymbols-xeluatex.tex
"))
luaotfload | aux : font no 30 (nil) does not define feature smcp for script latn
 with language dflt
luaotfload | aux : font no 31 (nil) does not define feature smcp for script latn
 with language dflt
luaotfload | aux : font no 32 (nil) does not define feature smcp for script latn
 with language dflt
luaotfload | aux : font no 33 (nil) does not define feature smcp for script latn
 with language dflt

Package fontspec Info: Font family 'JosefinSans(0)' created for font
(fontspec)             'JosefinSans' with options
(fontspec)             [Ligatures=TeX,Path=./josefinfonts/ttf/,Scale=1,Extension

(fontspec)             =
(fontspec)             .ttf,UprightFont=*-Light,BoldFont=*-Regular,ItalicFont=*-
LightItalic,BoldItalicFont=*-SemiBold].
(fontspec)              
(fontspec)              This font family consists of the following NFSS
(fontspec)             series/shapes:
(fontspec)              
(fontspec)             - 'normal' (m/n) with NFSS spec.:
(fontspec)             <->s*[1]"[./josefinfonts/ttf/JosefinSans-Light.ttf]:mode=
node;script=latn;language=dflt;+tlig;"
(fontspec)             - 'small caps'  (m/sc) with NFSS spec.: 
(fontspec)             - 'bold' (b/n) with NFSS spec.:
(fontspec)             <->s*[1]"[./josefinfonts/ttf/JosefinSans-Regular.ttf]:mod
e=node;script=latn;language=dflt;+tlig;"
(fontspec)             - 'bold small caps'  (b/sc) with NFSS spec.: 
(fontspec)             - 'italic' (m/it) with NFSS spec.:
(fontspec)             <->s*[1]"[./josefinfonts/ttf/JosefinSans-LightItalic.ttf]
:mode=node;script=latn;language=dflt;+tlig;"
(fontspec)             - 'italic small caps'  (m/scit) with NFSS spec.: 
(fontspec)             - 'bold italic' (b/it) with NFSS spec.:
(fontspec)             <->s*[1]"[./josefinfonts/ttf/JosefinSans-SemiBold.ttf]:mo
de=node;script=latn;language=dflt;+tlig;"
(fontspec)             - 'bold italic small caps'  (b/scit) with NFSS spec.: 

LaTeX Font Info:    Font shape `TU/JosefinSans(0)/m/n' will be
(Font)              scaled to size 10.0pt on input line 143.
luaotfload | aux : font no 37 (nil) does not define feature smcp for script latn
 with language dflt
luaotfload | aux : font no 38 (nil) does not define feature smcp for script latn
 with language dflt
luaotfload | aux : font no 39 (nil) does not define feature smcp for script latn
 with language dflt
luaotfload | aux : font no 40 (nil) does not define feature smcp for script latn
 with language dflt

Package fontspec Info: Font family 'JosefinSans(1)' created for font
(fontspec)             'JosefinSans' with options
(fontspec)             [UprightFont=*-Regular,ItalicFont=*-Italic,BoldFont=*-Bol
d,BoldItalicFont=*-BoldItalic].
(fontspec)              
(fontspec)              This font family consists of the following NFSS
(fontspec)             series/shapes:
(fontspec)              
(fontspec)             - 'normal' (m/n) with NFSS spec.:
(fontspec)             <->"JosefinSans-Regular:mode=node;script=latn;language=df
lt;"
(fontspec)             - 'small caps'  (m/sc) with NFSS spec.: 
(fontspec)             - 'bold' (b/n) with NFSS spec.:
(fontspec)             <->"JosefinSans-Bold:mode=node;script=latn;language=dflt;
"
(fontspec)             - 'bold small caps'  (b/sc) with NFSS spec.: 
(fontspec)             - 'italic' (m/it) with NFSS spec.:
(fontspec)             <->"JosefinSans-Italic:mode=node;script=latn;language=dfl
t;"
(fontspec)             - 'italic small caps'  (m/scit) with NFSS spec.: 
(fontspec)             - 'bold italic' (b/it) with NFSS spec.:
(fontspec)             <->"JosefinSans-BoldItalic:mode=node;script=latn;language
=dflt;"
(fontspec)             - 'bold italic small caps'  (b/scit) with NFSS spec.: 

\acvSidebarInnerSep=\skip86
\@photosize=\skip87
) (./ReCeiVe_cv_[2021].aux)
\openout1 = ReCeiVe_cv_[2021].aux

LaTeX Font Info:    Checking defaults for OML/cmm/m/it on input line 84.
LaTeX Font Info:    ... okay on input line 84.
LaTeX Font Info:    Checking defaults for OMS/cmsy/m/n on input line 84.
LaTeX Font Info:    ... okay on input line 84.
LaTeX Font Info:    Checking defaults for OT1/cmr/m/n on input line 84.
LaTeX Font Info:    ... okay on input line 84.
LaTeX Font Info:    Checking defaults for T1/cmr/m/n on input line 84.
LaTeX Font Info:    ... okay on input line 84.
LaTeX Font Info:    Checking defaults for TS1/cmr/m/n on input line 84.
LaTeX Font Info:    Trying to load font information for TS1+cmr on input line 84
.

("C:/Program Files/MiKTeX/tex/latex/base/ts1cmr.fd"
File: ts1cmr.fd 2019/12/16 v2.5j Standard LaTeX font definitions
)
LaTeX Font Info:    ... okay on input line 84.
LaTeX Font Info:    Checking defaults for TU/lmr/m/n on input line 84.
LaTeX Font Info:    ... okay on input line 84.
LaTeX Font Info:    Checking defaults for OMX/cmex/m/n on input line 84.
LaTeX Font Info:    ... okay on input line 84.
LaTeX Font Info:    Checking defaults for U/cmr/m/n on input line 84.
LaTeX Font Info:    ... okay on input line 84.
LaTeX Font Info:    Checking defaults for PD1/pdf/m/n on input line 84.
LaTeX Font Info:    ... okay on input line 84.
LaTeX Font Info:    Checking defaults for PU/pdf/m/n on input line 84.
LaTeX Font Info:    ... okay on input line 84.

*geometry* driver: auto-detecting
*geometry* detected driver: luatex
*geometry* verbose mode - [ preamble ] result:
* driver: luatex
* paper: <default>
* layout: <same size as paper>
* layoutoffset:(h,v)=(0.0pt,0.0pt)
* modes: 
* h-part:(L,W,R)=(49.79231pt, 514.71037pt, 49.79231pt)
* v-part:(T,H,B)=(56.9055pt, 695.38536pt, 42.67912pt)
* \paperwidth=614.295pt
* \paperheight=794.96999pt
* \textwidth=329.76749pt
* \textheight=695.38536pt
* \oddsidemargin=-22.47768pt
* \evensidemargin=-22.47768pt
* \topmargin=-41.59085pt
* \headheight=12.0pt
* \headsep=14.22636pt
* \topskip=10.0pt
* \footskip=17.07182pt
* \marginparwidth=65.0pt
* \marginparsep=11.0pt
* \columnsep=10.0pt
* \skip\footins=9.0pt plus 4.0pt minus 2.0pt
* \hoffset=0.0pt
* \voffset=0.0pt
* \mag=1000
* \@twocolumnfalse
* \@twosidefalse
* \@mparswitchfalse
* \@reversemarginfalse
* (1in=72.27pt=25.4mm, 1cm=28.453pt)

ABD: EverySelectfont initializing macros
LaTeX Info: Redefining \selectfont on input line 84.

("C:/Program Files/MiKTeX/tex/context/base/mkii/supp-pdf.mkii"
[Loading MPS to PDF converter (version 2006.09.02).]
\scratchcounter=\count325
\scratchdimen=\dimen273
\scratchbox=\box63
\nofMPsegments=\count326
\nofMParguments=\count327
\everyMPshowfont=\toks38
\MPscratchCnt=\count328
\MPscratchDim=\dimen274
\MPnumerator=\count329
\makeMPintoPDFobject=\count330
\everyMPtoPDFconversion=\toks39
) ("C:/Program Files/MiKTeX/tex/latex/epstopdf-pkg/epstopdf-base.sty"
Package: epstopdf-base 2020-01-24 v2.11 Base part for package epstopdf
Package epstopdf-base Info: Redefining graphics rule for `.eps' on input line 48
5.
)
("C:/Program Files/MiKTeX/tex/latex/fmtcount/fc-english.def"
File: fc-english.def 2016/01/12
)
Package hyperref Info: Link coloring OFF on input line 84.

("C:/Program Files/MiKTeX/tex/latex/hyperref/nameref.sty"
Package: nameref 2019/09/16 v2.46 Cross-referencing by name of section

("C:/Program Files/MiKTeX/tex/latex/refcount/refcount.sty"
Package: refcount 2019/12/15 v3.6 Data extraction from label references (HO)
)
("C:/Program Files/MiKTeX/tex/generic/gettitlestring/gettitlestring.sty"
Package: gettitlestring 2019/12/15 v1.6 Cleanup title references (HO)
)
\c@section@level=\count331
)
LaTeX Info: Redefining \ref on input line 84.
LaTeX Info: Redefining \pageref on input line 84.
LaTeX Info: Redefining \nameref on input line 84.

(./ReCeiVe_cv_[2021].out) (./ReCeiVe_cv_[2021].out)
\@outlinefile=\write4

\openout4 = ReCeiVe_cv_[2021].out

Package fontspec Info: Adjusting the maths setup (use [no-math] to avoid
(fontspec)             this).

\symlegacymaths=\mathgroup4
LaTeX Font Info:    Overwriting symbol font `legacymaths' in version `bold'
(Font)                  OT1/cmr/m/n --> OT1/cmr/bx/n on input line 84.
LaTeX Font Info:    Redeclaring math accent \acute on input line 84.
LaTeX Font Info:    Redeclaring math accent \grave on input line 84.
LaTeX Font Info:    Redeclaring math accent \ddot on input line 84.
LaTeX Font Info:    Redeclaring math accent \tilde on input line 84.
LaTeX Font Info:    Redeclaring math accent \bar on input line 84.
LaTeX Font Info:    Redeclaring math accent \breve on input line 84.
LaTeX Font Info:    Redeclaring math accent \check on input line 84.
LaTeX Font Info:    Redeclaring math accent \hat on input line 84.
LaTeX Font Info:    Redeclaring math accent \dot on input line 84.
LaTeX Font Info:    Redeclaring math accent \mathring on input line 84.
LaTeX Font Info:    Redeclaring math symbol \colon on input line 84.
LaTeX Font Info:    Redeclaring math symbol \Gamma on input line 84.
LaTeX Font Info:    Redeclaring math symbol \Delta on input line 84.
LaTeX Font Info:    Redeclaring math symbol \Theta on input line 84.
LaTeX Font Info:    Redeclaring math symbol \Lambda on input line 84.
LaTeX Font Info:    Redeclaring math symbol \Xi on input line 84.
LaTeX Font Info:    Redeclaring math symbol \Pi on input line 84.
LaTeX Font Info:    Redeclaring math symbol \Sigma on input line 84.
LaTeX Font Info:    Redeclaring math symbol \Upsilon on input line 84.
LaTeX Font Info:    Redeclaring math symbol \Phi on input line 84.
LaTeX Font Info:    Redeclaring math symbol \Psi on input line 84.
LaTeX Font Info:    Redeclaring math symbol \Omega on input line 84.
LaTeX Font Info:    Redeclaring math symbol \mathdollar on input line 84.
LaTeX Font Info:    Redeclaring symbol font `operators' on input line 84.
LaTeX Font Info:    Encoding `OT1' has changed to `TU' for symbol font
(Font)              `operators' in the math version `normal' on input line 84.
LaTeX Font Info:    Overwriting symbol font `operators' in version `normal'
(Font)                  OT1/cmr/m/n --> TU/JosefinSans(0)/m/n on input line 84.
LaTeX Font Info:    Encoding `OT1' has changed to `TU' for symbol font
(Font)              `operators' in the math version `bold' on input line 84.
LaTeX Font Info:    Overwriting symbol font `operators' in version `bold'
(Font)                  OT1/cmr/bx/n --> TU/JosefinSans(0)/m/n on input line 84.

LaTeX Font Info:    Overwriting symbol font `operators' in version `normal'
(Font)                  TU/JosefinSans(0)/m/n --> TU/JosefinSans(0)/m/n on input
 line 84.
LaTeX Font Info:    Overwriting math alphabet `\mathit' in version `normal'
(Font)                  OT1/cmr/m/it --> TU/JosefinSans(0)/m/it on input line 84
.
LaTeX Font Info:    Overwriting math alphabet `\mathbf' in version `normal'
(Font)                  OT1/cmr/bx/n --> TU/JosefinSans(0)/b/n on input line 84.

LaTeX Font Info:    Overwriting math alphabet `\mathsf' in version `normal'
(Font)                  OT1/cmss/m/n --> TU/lmss/m/n on input line 84.
LaTeX Font Info:    Overwriting math alphabet `\mathtt' in version `normal'
(Font)                  OT1/cmtt/m/n --> TU/lmtt/m/n on input line 84.
LaTeX Font Info:    Overwriting symbol font `operators' in version `bold'
(Font)                  TU/JosefinSans(0)/m/n --> TU/JosefinSans(0)/b/n on input
 line 84.
LaTeX Font Info:    Overwriting math alphabet `\mathit' in version `bold'
(Font)                  OT1/cmr/bx/it --> TU/JosefinSans(0)/b/it on input line 8
4.
LaTeX Font Info:    Overwriting math alphabet `\mathsf' in version `bold'
(Font)                  OT1/cmss/bx/n --> TU/lmss/b/n on input line 84.
LaTeX Font Info:    Overwriting math alphabet `\mathtt' in version `bold'
(Font)                  OT1/cmtt/m/n --> TU/lmtt/b/n on input line 84.
\@headerheight=\skip88
\@headertextwidth=\skip89
\@headerleftbox=\skip90
\@headerrightbox=\skip91
\headerbox=\box64

! Undefined control sequence.
\headerpositionstyle ...size {18pt}{1em}\bodyfont 
                                                  \color {text} #1}
l.87 \makecvheader[L]
                   
The control sequence at the end of the top line
of your error message was never \def'ed. If you have
misspelled it (e.g., `\hobx'), type `I' and the correct
spelling (e.g., `I\hbox'). Otherwise just continue,
and I'll forget about whatever was undefined.

LaTeX Font Info:    Font shape `TU/JosefinSans(0)/m/n' will be
(Font)              scaled to size 7.0pt on input line 87.
LaTeX Font Info:    Font shape `TU/JosefinSans(0)/m/n' will be
(Font)              scaled to size 5.0pt on input line 87.
LaTeX Font Info:    External font `cmex10' loaded for size
(Font)              <7> on input line 87.
LaTeX Font Info:    External font `cmex10' loaded for size
(Font)              <5> on input line 87.
<pics/background2.pdf, id=34, 597.50792pt x 845.04692pt>
File: pics/background2.pdf Graphic file (type pdf)
<use pics/background2.pdf>
Package luatex.def Info: pics/background2.pdf  used on input line 87.
(luatex.def)             Requested size: 614.30037pt x 795.00183pt.
LaTeX Font Info:    Font shape `TU/JosefinSans(0)/m/n' will be
(Font)              scaled to size 12.0pt on input line 87.
\@xOffset=\skip92
\@yOffset=\skip93
\@corner=\skip94
\@xPosSidebar=\skip95
\@yPosSidebar=\skip96
\@sidebarHeight=\skip97
\@textblockWidth=\skip98

Underfull \hbox (badness 10000) in paragraph at lines 87--91

 []

\sidebarBox=\box65
\@edgeradius=\skip99
\@photowidth=\skip100
<pics/pp2.pdf, id=35, 685.05937pt x 800.99342pt>
File: pics/pp2.pdf Graphic file (type pdf)
<use pics/pp2.pdf>
Package luatex.def Info: pics/pp2.pdf  used on input line 91.
(luatex.def)             Requested size: 60.82687pt x 71.13188pt.
! Undefined control sequence.
\sidebarstyle ...ontsize {9pt}{1em}\bodyfontlight 
                                                  \upshape \color {text} #1}
l.91 
   
The control sequence at the end of the top line
of your error message was never \def'ed. If you have
misspelled it (e.g., `\hobx'), type `I' and the correct
spelling (e.g., `I\hbox'). Otherwise just continue,
and I'll forget about whatever was undefined.

LaTeX Font Info:    Font shape `TU/JosefinSans(0)/m/n' will be
(Font)              scaled to size 9.0pt on input line 91.
! Undefined control sequence.
\skillsetstyle ...{\fontsize {10pt}{1em}\bodyfont 
                                                  \color {darktext} #1}
l.91 
   
The control sequence at the end of the top line
of your error message was never \def'ed. If you have
misspelled it (e.g., `\hobx'), type `I' and the correct
spelling (e.g., `I\hbox'). Otherwise just continue,
and I'll forget about whatever was undefined.

! Undefined control sequence.
\sidebarstyle ...ontsize {9pt}{1em}\bodyfontlight 
                                                  \upshape \color {text} #1}
l.91 
   
The control sequence at the end of the top line
of your error message was never \def'ed. If you have
misspelled it (e.g., `\hobx'), type `I' and the correct
spelling (e.g., `I\hbox'). Otherwise just continue,
and I'll forget about whatever was undefined.

! Undefined control sequence.
\languagestyle ...{\fontsize {10pt}{1em}\bodyfont 
                                                  \bfseries \color {darktext...
l.91 
   
The control sequence at the end of the top line
of your error message was never \def'ed. If you have
misspelled it (e.g., `\hobx'), type `I' and the correct
spelling (e.g., `I\hbox'). Otherwise just continue,
and I'll forget about whatever was undefined.

LaTeX Font Info:    Font shape `TU/JosefinSans(0)/b/n' will be
(Font)              scaled to size 10.0pt on input line 91.
! Undefined control sequence.
\levelstyle ...\fontsize {9pt}{1em}\bodyfontlight 
                                                  \color {text} #1}
l.91 
   
The control sequence at the end of the top line
of your error message was never \def'ed. If you have
misspelled it (e.g., `\hobx'), type `I' and the correct
spelling (e.g., `I\hbox'). Otherwise just continue,
and I'll forget about whatever was undefined.

! Undefined control sequence.
\languagestyle ...{\fontsize {10pt}{1em}\bodyfont 
                                                  \bfseries \color {darktext...
l.91 
   
The control sequence at the end of the top line
of your error message was never \def'ed. If you have
misspelled it (e.g., `\hobx'), type `I' and the correct
spelling (e.g., `I\hbox'). Otherwise just continue,
and I'll forget about whatever was undefined.

! Undefined control sequence.
\levelstyle ...\fontsize {9pt}{1em}\bodyfontlight 
                                                  \color {text} #1}
l.91 
   
The control sequence at the end of the top line
of your error message was never \def'ed. If you have
misspelled it (e.g., `\hobx'), type `I' and the correct
spelling (e.g., `I\hbox'). Otherwise just continue,
and I'll forget about whatever was undefined.

! Undefined control sequence.
\languagestyle ...{\fontsize {10pt}{1em}\bodyfont 
                                                  \bfseries \color {darktext...
l.91 
   
The control sequence at the end of the top line
of your error message was never \def'ed. If you have
misspelled it (e.g., `\hobx'), type `I' and the correct
spelling (e.g., `I\hbox'). Otherwise just continue,
and I'll forget about whatever was undefined.

! Undefined control sequence.
\levelstyle ...\fontsize {9pt}{1em}\bodyfontlight 
                                                  \color {text} #1}
l.91 
   
The control sequence at the end of the top line
of your error message was never \def'ed. If you have
misspelled it (e.g., `\hobx'), type `I' and the correct
spelling (e.g., `I\hbox'). Otherwise just continue,
and I'll forget about whatever was undefined.

(./cvSections/education.tex
! Undefined control sequence.
\entrytitlestyle ...fontsize {10pt}{1em}\bodyfont 
                                                  \bfseries \color {darktext...
l.9 {08/2019 - 07/2021}
                      % Date
The control sequence at the end of the top line
of your error message was never \def'ed. If you have
misspelled it (e.g., `\hobx'), type `I' and the correct
spelling (e.g., `I\hbox'). Otherwise just continue,
and I'll forget about whatever was undefined.

! Undefined control sequence.
\entrylocationstyle ...e {9pt}{1em}\bodyfontlight 
                                                  \slshape \color {text} #1}
l.9 {08/2019 - 07/2021}
                      % Date
The control sequence at the end of the top line
of your error message was never \def'ed. If you have
misspelled it (e.g., `\hobx'), type `I' and the correct
spelling (e.g., `I\hbox'). Otherwise just continue,
and I'll forget about whatever was undefined.

LaTeX Font Info:    Font shape `TU/JosefinSans(0)/m/sl' in size <9> not availabl
e
(Font)              Font shape `TU/JosefinSans(0)/m/it' tried instead on input l
ine 9.
LaTeX Font Info:    Font shape `TU/JosefinSans(0)/m/it' will be
(Font)              scaled to size 9.0pt on input line 9.
! Undefined control sequence.
\entrypositionstyle ...ntsize {8pt}{1em}\bodyfont 
                                                  \scshape \color {graytext}...
l.9 {08/2019 - 07/2021}
                      % Date
The control sequence at the end of the top line
of your error message was never \def'ed. If you have
misspelled it (e.g., `\hobx'), type `I' and the correct
spelling (e.g., `I\hbox'). Otherwise just continue,
and I'll forget about whatever was undefined.


LaTeX Font Warning: Font shape `TU/JosefinSans(0)/m/sc' undefined
(Font)              using `TU/JosefinSans(0)/m/n' instead on input line 9.

LaTeX Font Info:    Font shape `TU/JosefinSans(0)/m/n' will be
(Font)              scaled to size 8.0pt on input line 9.
! Undefined control sequence.
\entrydatestyle ...tsize {8pt}{1em}\bodyfontlight 
                                                  \slshape \color {graytext}...
l.9 {08/2019 - 07/2021}
                      % Date
The control sequence at the end of the top line
of your error message was never \def'ed. If you have
misspelled it (e.g., `\hobx'), type `I' and the correct
spelling (e.g., `I\hbox'). Otherwise just continue,
and I'll forget about whatever was undefined.

LaTeX Font Info:    Font shape `TU/JosefinSans(0)/m/sl' in size <8> not availabl
e
(Font)              Font shape `TU/JosefinSans(0)/m/it' tried instead on input l
ine 9.
LaTeX Font Info:    Font shape `TU/JosefinSans(0)/m/it' will be
(Font)              scaled to size 8.0pt on input line 9.
! Undefined control sequence.
\entrytitlestyle ...fontsize {10pt}{1em}\bodyfont 
                                                  \bfseries \color {darktext...
l.16 {08/2021 - }
                % Date
The control sequence at the end of the top line
of your error message was never \def'ed. If you have
misspelled it (e.g., `\hobx'), type `I' and the correct
spelling (e.g., `I\hbox'). Otherwise just continue,
and I'll forget about whatever was undefined.

! Undefined control sequence.
\entrylocationstyle ...e {9pt}{1em}\bodyfontlight 
                                                  \slshape \color {text} #1}
l.16 {08/2021 - }
                % Date
The control sequence at the end of the top line
of your error message was never \def'ed. If you have
misspelled it (e.g., `\hobx'), type `I' and the correct
spelling (e.g., `I\hbox'). Otherwise just continue,
and I'll forget about whatever was undefined.

! Undefined control sequence.
\entrypositionstyle ...ntsize {8pt}{1em}\bodyfont 
                                                  \scshape \color {graytext}...
l.16 {08/2021 - }
                % Date
The control sequence at the end of the top line
of your error message was never \def'ed. If you have
misspelled it (e.g., `\hobx'), type `I' and the correct
spelling (e.g., `I\hbox'). Otherwise just continue,
and I'll forget about whatever was undefined.

LaTeX Font Info:    Font shape `TU/JosefinSans(0)/m/sc' will be
(Font)              scaled to size 8.0pt on input line 16.
! Undefined control sequence.
\entrydatestyle ...tsize {8pt}{1em}\bodyfontlight 
                                                  \slshape \color {graytext}...
l.16 {08/2021 - }
                % Date
The control sequence at the end of the top line
of your error message was never \def'ed. If you have
misspelled it (e.g., `\hobx'), type `I' and the correct
spelling (e.g., `I\hbox'). Otherwise just continue,
and I'll forget about whatever was undefined.

! Undefined control sequence.
\entrytitlestyle ...fontsize {10pt}{1em}\bodyfont 
                                                  \bfseries \color {darktext...
l.23 {08/2020 - }
                % Date
The control sequence at the end of the top line
of your error message was never \def'ed. If you have
misspelled it (e.g., `\hobx'), type `I' and the correct
spelling (e.g., `I\hbox'). Otherwise just continue,
and I'll forget about whatever was undefined.

! Undefined control sequence.
\entrylocationstyle ...e {9pt}{1em}\bodyfontlight 
                                                  \slshape \color {text} #1}
l.23 {08/2020 - }
                % Date
The control sequence at the end of the top line
of your error message was never \def'ed. If you have
misspelled it (e.g., `\hobx'), type `I' and the correct
spelling (e.g., `I\hbox'). Otherwise just continue,
and I'll forget about whatever was undefined.

! Undefined control sequence.
\entrypositionstyle ...ntsize {8pt}{1em}\bodyfont 
                                                  \scshape \color {graytext}...
l.23 {08/2020 - }
                % Date
The control sequence at the end of the top line
of your error message was never \def'ed. If you have
misspelled it (e.g., `\hobx'), type `I' and the correct
spelling (e.g., `I\hbox'). Otherwise just continue,
and I'll forget about whatever was undefined.

! Undefined control sequence.
\entrydatestyle ...tsize {8pt}{1em}\bodyfontlight 
                                                  \slshape \color {graytext}...
l.23 {08/2020 - }
                % Date
The control sequence at the end of the top line
of your error message was never \def'ed. If you have
misspelled it (e.g., `\hobx'), type `I' and the correct
spelling (e.g., `I\hbox'). Otherwise just continue,
and I'll forget about whatever was undefined.

) (./cvSections/professionalExperience.tex
LaTeX Font Info:    Font shape `TU/JosefinSans(0)/m/n' will be
(Font)              scaled to size 20.74pt on input line 20.
)
\@leftFoot=\box66
\@centerFoot=\box67
\@rightFoot=\box68
\@footerBox=\box69
\@leftFootwd=\dimen275
\@centerFootwd=\dimen276
\@rightFootwd=\dimen277

! Undefined control sequence.
\footerstyle #1->{\fontsize {8pt}{1em}\footerfont 
                                                  \scshape \color {lighttext...
l.102 ...footer{\today}{Ged Lex~~~~~~CV}{\LaTeX{}}
                                                  
The control sequence at the end of the top line
of your error message was never \def'ed. If you have
misspelled it (e.g., `\hobx'), type `I' and the correct
spelling (e.g., `I\hbox'). Otherwise just continue,
and I'll forget about whatever was undefined.

LaTeX Font Info:    Font shape `TU/JosefinSans(0)/m/n' will be
(Font)              scaled to size 6.0pt on input line 102.
LaTeX Font Info:    External font `cmex10' loaded for size
(Font)              <8> on input line 102.
LaTeX Font Info:    External font `cmex10' loaded for size
(Font)              <6> on input line 102.
LaTeX Font Info:    Font shape `TU/JosefinSans(0)/m/sc' will be
(Font)              scaled to size 6.0pt on input line 102.
[1

{C:/Users/mchvz/AppData/Local/MiKTeX/pdftex/config/pdftex.map}<./pics/background
2.pdf><./pics/pp2.pdf>] (./ReCeiVe_cv_[2021].aux)

LaTeX Font Warning: Some font shapes were not available, defaults substituted.

Package rerunfilecheck Info: File `ReCeiVe_cv_[2021].out' has not changed.
(rerunfilecheck)             Checksum: 3606FDFE34682D244DB9AF7696534E81;609.
)

Here is how much of LuaTeX's memory you used:
 26422 strings out of 478824
 100000,953878 words of node,token memory allocated
 8954 words of node memory still in use:
   106 hlist, 8 vlist, 11 rule, 3 mark, 25 disc, 15 local_par, 2 math, 234 glue,
 34 kern, 45 penalty, 288 glyph, 491 attribute, 93 glue_spec, 491 attribute_list
, 8 write, 214 pdf_literal, 3 pdf_dest, 72 pdf_colorstack, 1 pdf_setmatrix, 1 pd
f_save, 1 pdf_restore nodes
   avail lists: 2:691,3:810,4:280,5:122,6:77,7:2041,8:39,9:523,10:3,11:84
 45063 multiletter control sequences out of 65536+200000
 73 fonts using 7065503 bytes
 111i,14n,111p,1024b,1184s stack positions out of 5000i,500n,10000p,200000b,50000s
<./josefinfonts/ttf/JosefinSans-LightItalic.ttf><./josefinfonts/ttf/JosefinSans-
Regular.ttf><C:/Program Files/MiKTeX/fonts/truetype/public/josefin/josefinsans-r
egular.ttf><C:/Program Files/MiKTeX/fonts/opentype/public/fontawesome/fontawesom
e.otf><./josefinfonts/ttf/JosefinSans-Light.ttf><C:/Program Files/MiKTeX/fonts/t
ruetype/public/josefin/josefinsans-bold.ttf>
Output written on ReCeiVe_cv_[2021].pdf (1 page, 117991 bytes).

PDF statistics: 95 PDF objects out of 1000 (max. 8388607)
 9 named destinations out of 1000 (max. 131072)
 72 words of extra memory for PDF output out of 10000 (max. 100000000)

